<?xml version="1.0" encoding="UTF-8"?>
<testng-results ignored="0" total="2" passed="2" failed="0" skipped="0">
  <reporter-output>
  </reporter-output>
  <suite started-at="2024-03-20T14:55:53 IST" name="Default suite" finished-at="2024-03-20T14:55:56 IST" duration-ms="2834">
    <groups>
    </groups>
    <test started-at="2024-03-20T14:55:53 IST" name="Default test" finished-at="2024-03-20T14:55:56 IST" duration-ms="2834">
      <class name="RestassuredAPI.RestassuredAPI.DatadrivenRA">
        <test-method signature="post(java.lang.String,java.lang.String,int)[pri:0, instance:RestassuredAPI.RestassuredAPI.DatadrivenRA@2d710f1a]" started-at="2024-03-20T14:55:53 IST" name="post" data-provider="data" finished-at="2024-03-20T14:55:55 IST" duration-ms="2180" status="PASS">
          <params>
            <param index="0">
              <value>
                <![CDATA[prat]]>
              </value>
            </param>
            <param index="1">
              <value>
                <![CDATA[pee]]>
              </value>
            </param>
            <param index="2">
              <value>
                <![CDATA[1]]>
              </value>
            </param>
          </params>
          <reporter-output>
          </reporter-output>
        </test-method> <!-- post -->
        <test-method signature="post(java.lang.String,java.lang.String,int)[pri:0, instance:RestassuredAPI.RestassuredAPI.DatadrivenRA@2d710f1a]" started-at="2024-03-20T14:55:55 IST" name="post" data-provider="data" finished-at="2024-03-20T14:55:56 IST" duration-ms="614" status="PASS">
          <params>
            <param index="0">
              <value>
                <![CDATA[mad]]>
              </value>
            </param>
            <param index="1">
              <value>
                <![CDATA[dar]]>
              </value>
            </param>
            <param index="2">
              <value>
                <![CDATA[2]]>
              </value>
            </param>
          </params>
          <reporter-output>
          </reporter-output>
        </test-method> <!-- post -->
      </class> <!-- RestassuredAPI.RestassuredAPI.DatadrivenRA -->
    </test> <!-- Default test -->
  </suite> <!-- Default suite -->
</testng-results>
